\BOOKMARK [0][-]{section*.2}{Declaration}{}% 1
\BOOKMARK [0][-]{chapter*.3}{Abstract}{}% 2
\BOOKMARK [0][-]{chapter*.4}{Opsomming}{}% 3
\BOOKMARK [0][-]{chapter*.5}{Acknowledgements}{}% 4
\BOOKMARK [0][-]{section*.6}{Contents}{}% 5
\BOOKMARK [0][-]{section*.7}{List of Figures}{}% 6
\BOOKMARK [0][-]{section*.8}{List of Tables}{}% 7
\BOOKMARK [0][-]{chapter.1}{Literature review}{}% 8
\BOOKMARK [1][-]{section.1.1}{Introduction}{chapter.1}% 9
\BOOKMARK [1][-]{section.1.2}{Neuronal metabolism}{chapter.1}% 10
\BOOKMARK [1][-]{section.1.3}{ROS and its role in neurodegeneration}{chapter.1}% 11
\BOOKMARK [1][-]{section.1.4}{A biogenesis}{chapter.1}% 12
\BOOKMARK [0][-]{chapter.2}{Methodology}{}% 13
\BOOKMARK [1][-]{section.2.1}{Introduction}{chapter.2}% 14
\BOOKMARK [0][-]{chapter.3}{Autophagic flux assessment}{}% 15
\BOOKMARK [1][-]{section.3.1}{Introduction}{chapter.3}% 16
\BOOKMARK [1][-]{section.3.2}{Effect of spermidine and rilmenidine on cell viability}{chapter.3}% 17
\BOOKMARK [1][-]{section.3.3}{Effect of spermidine and rilmenidine on autophagic flux using western blotting}{chapter.3}% 18
\BOOKMARK [0][-]{chapter.4}{Role of spermidine and rilmenidine in a paraquat-induced neuronal toxicity model}{}% 19
\BOOKMARK [1][-]{section.4.1}{Introduction}{chapter.4}% 20
\BOOKMARK [0][-]{chapter.5}{Method development for Correlative Light and Electron Microscopy \(CLEM\)}{}% 21
\BOOKMARK [1][-]{section.5.1}{Introduction}{chapter.5}% 22
\BOOKMARK [0][-]{chapter.6}{Effect of spermidine on PQ induced brain injury model of Alzheimer\220s disease}{}% 23
\BOOKMARK [1][-]{section.6.1}{Introduction}{chapter.6}% 24
\BOOKMARK [0][-]{chapter*.19}{Bibliography}{}% 25
